<?xml version="1.0" encoding="UTF-8"?>
<!-- Generated by org.testng.reporters.JUnitReportReporter -->
<testsuite skipped="0" hostname="Sanjay" name="Parameterization_Basics.RunFailedTC" tests="1" failures="0" timestamp="22 Sep 2021 10:21:21 GMT" time="0.032" errors="0">
  <testcase name="testHike" time="0.032" classname="Parameterization_Basics.RunFailedTC"/>
</testsuite> <!-- Parameterization_Basics.RunFailedTC -->
