<?xml version="1.0" encoding="UTF-8"?>
<!-- Generated by org.testng.reporters.JUnitReportReporter -->
<testsuite skipped="0" hostname="Sanjay" name="TestSuite.SimformAssignment" tests="1" failures="0" timestamp="24 Oct 2021 14:44:02 GMT" time="97.880" errors="0">
  <testcase name="Execution" time="97.880" classname="TestSuite.SimformAssignment"/>
</testsuite> <!-- TestSuite.SimformAssignment -->
