<?xml version="1.0" encoding="UTF-8"?>
<!-- Generated by org.testng.reporters.JUnitReportReporter -->
<testsuite skipped="0" hostname="Sanjay" name="TestNG_test" tests="1" failures="0" timestamp="22 Sep 2021 10:12:46 GMT" time="0.028" errors="0">
  <testcase name="display" time="0.028" classname="TestNG_test"/>
</testsuite> <!-- TestNG_test -->
