<?xml version="1.0" encoding="UTF-8"?>
<!-- Generated by org.testng.reporters.JUnitReportReporter -->
<testsuite skipped="0" hostname="Sanjay" name="Tests.SeleniumTest" tests="1" failures="0" timestamp="24 Oct 2021 07:15:41 GMT" time="1.044" errors="0">
  <testcase name="Testing" time="1.044" classname="Tests.SeleniumTest"/>
</testsuite> <!-- Tests.SeleniumTest -->
